make all --print-data-base --no-builtin-variables --no-builtin-rules --question
# GNU Make 3.81
# Copyright (C) 2006  Free Software Foundation, Inc.
# This is free software; see the source for copying conditions.
# There is NO warranty; not even for MERCHANTABILITY or FITNESS FOR A
# PARTICULAR PURPOSE.

# This program built for i386-apple-darwin11.3.0
 

# Make data base, printed on Sun Aug 14 16:44:58 2022

# Variables

# automatic
<D = $(patsubst %/,%,$(dir $<))
# automatic
?F = $(notdir $?)
# environment
ELECTRON_NO_ATTACH_CONSOLE = 1
# makefile (from `Makefile', line 116)
CONTROLLER_TOOLS_VERSION = v0.9.2
# environment
NVM_INC = /Users/jyc/.nvm/versions/node/v16.14.0/include/node
# automatic
?D = $(patsubst %/,%,$(dir $?))
# automatic
@D = $(patsubst %/,%,$(dir $@))
 
# automatic
@F = $(notdir $@)
# makefile
CURDIR := /Users/jyc/Dropbox/zamonia500/sandbox/go-sandbox/cronjob
# makefile (from `Makefile', line 16)
SHELL = /usr/bin/env bash -o pipefail
# environment
VSCODE_NLS_CONFIG = {"locale":"ko","availableLanguages":{},"_languagePackSupport":true}
# environment
_ = /usr/bin/make
# makefile (from `Makefile', line 105)
LOCALBIN = $(shell pwd)/bin
# makefile (from `Makefile', line 1)
MAKEFILE_LIST :=  Makefile
# environment
VSCODE_AMD_ENTRYPOINT = vs/workbench/api/node/extensionHostProcess
# environment
__CFBundleIdentifier = com.microsoft.VSCode
# environment
P9K_SSH = 0
# environment
VSCODE_CWD = /Users/jyc/Dropbox/zamonia500/sandbox/go-sandbox/cronjob
# environment
GOPROXY = https://proxy.golang.org,direct
# environment
PATH = /usr/local/opt/mongodb-community@4.2/bin:/Users/jyc/.poetry/bin:/Users/jyc/.local/bin:/Users/jyc/.nvm/versions/node/v16.14.0/bin:/Users/jyc/.gem/ruby/3.0.3/bin:/usr/local/opt/ruby/bin:/usr/local/lib/ruby/gems/3.0.0/bin:/usr/local/opt/openjdk/bin:/usr/local/Cellar/pyenv-virtualenv/1.1.5/shims:/Users/jyc/.pyenv/shims:/Users/jyc/.pyenv/bin:/usr/local/bin:/usr/bin:/bin:/usr/sbin:/sbin:/opt/X11/bin:/Users/jyc/.istioctl/bin
# makefile (from `Makefile', line 118)
KUSTOMIZE_INSTALL_SCRIPT = "https://raw.githubusercontent.com/kubernetes-sigs/kustomize/master/hack/install_kustomize.sh"
# environment
LSCOLORS = Gxfxcxdxbxegedabagacad
# environment
VIRTUAL_ENV = /Users/jyc/.pyenv/versions/3.9.7/envs/test1
# environment
GOPATH = /Users/jyc/go
# environment
NVM_BIN = /Users/jyc/.nvm/versions/node/v16.14.0/bin
# environment
LaunchInstanceID = 30CE00B4-353F-4E69-A00D-8588EEE0FE20
# environment
ELECTRON_RUN_AS_NODE = 1
# environment
PYENV_ROOT = /Users/jyc/.pyenv
# default
.FEATURES := target-specific order-only second-expansion else-if archives jobserver check-symlink
# makefile (from `Makefile', line 111)
CONTROLLER_GEN = $(LOCALBIN)/controller-gen
# environment
SSH_AUTH_SOCK = /private/tmp/com.apple.launchd.LPlNqDkLXv/Listeners
# automatic
%F = $(notdir $%)
# makefile (from `Makefile', line 9)
GOBIN = $(shell go env GOPATH)/bin
# environment
DISPLAY = /private/tmp/com.apple.launchd.gk8oKA13tO/org.xquartz:0
# environment
define _OLD_VIRTUAL_PS1
${$((_p9k_on_expand()))+}${(e)_p9k_t[7]}${_p9k__1-${${:-${_p9k__d::=0}${_p9k__rprompt::=${_p9k__1r-${${:-${_p9k__bg::=NONE}${_p9k__i::=0}${_p9k__sss::=}}+}${${:-${P9K_CONTENT::=INT}${_p9k__n::=}${${${_p9k__bg:-0}:#NONE}:-${_p9k__n::=96}}${_p9k__n:=${${(M)${:-x$_p9k__bg}:#x(238|238)}:+98}}${_p9k__n:=99}${_p9k__v::="✘"}${_p9k__c::="${P9K_CONTENT}"}${_p9k__c::=${_p9k__c//}}${_p9k__e::=${${_p9k__1rstatus+00}:-${${(%):-$_p9k__c%1(l.1.0)}[-1]}1}}}+}${${_p9k__e:#00}:+${_p9k_t[$_p9k__n]/<_p9k__w>/$_p9k__w}${_p9k__c}%b%K{238\}%F{160\}${${(M)_p9k__e:#11}:+ }$_p9k__v${${:-${_p9k__w::=%b%K{238\}%F{160\} %b%K{238\}%F{160\}}${_p9k__sss::=%b%K{238\}%F{160\} }${_p9k__i::=1}${_p9k__bg::=238}}+}}${${:-${P9K_CONTENT::=5s}${_p9k__n::=}${${${_p9k__bg:-0}:#NONE}:-${_p9k__n::=108}}${_p9k__n:=${${(M)${:-x$_p9k__bg}:#x(238|238)}:+110}}${_p9k__n:=111}${_p9k__v::=}${_p9k__c::="${P9K_CONTENT}"}${_p9k__c::=${_p9k__c//}}${_p9k__e::=${${_p9k__1rcommand_execution_time+00}:-${${(%):-$_p9k__c%1(l.1.0)}[-1]}1}}}+}${${_p9k__e:#00}:+${_p9k_t[$_p9k__n]/<_p9k__w>/$_p9k__w}${_p9k__c}%b%K{238\}%F{248\}${${(M)_p9k__e:#11}:+ }$_p9k__v${${:-${_p9k__w::=%b%K{238\}%F{248\} %b%K{238\}%F{248\}}${_p9k__sss::=%b%K{238\}%F{248\} }${_p9k__i::=2}${_p9k__bg::=238}}+}}${${:-"${${(%):-%j}:#0}"}:+${${:-${P9K_CONTENT::=""}${_p9k__n::=}${${${_p9k__bg:-0}:#NONE}:-${_p9k__n::=12}}${_p9k__n:=${${(M)${:-x$_p9k__bg}:#x(238|238)}:+14}}${_p9k__n:=15}${_p9k__v::=}${_p9k__c::="${P9K_CONTENT}"}${_p9k__c::=${_p9k__c//}}${_p9k__e::=${${_p9k__1rbackground_jobs+00}:-${${(%):-$_p9k__c%1(l.1.0)}[-1]}1}}}+}${${_p9k__e:#00}:+${_p9k_t[$_p9k__n]/<_p9k__w>/$_p9k__w}${_p9k__c}%b%K{238\}%F{037\}${${(M)_p9k__e:#11}:+ }$_p9k__v${${:-${_p9k__w::=%b%K{238\}%F{037\} %b%K{238\}%F{037\}}${_p9k__sss::=%b%K{238\}%F{037\} }${_p9k__i::=3}${_p9k__bg::=238}}+}}}${${:-${P9K_CONTENT::=dev-cluster-190/runway}${_p9k__n::=}${${${_p9k__bg:-0}:#NONE}:-${_p9k__n::=16}}${_p9k__n:=${${(M)${:-x$_p9k__bg}:#x(238|238)}:+18}}${_p9k__n:=19}${P9K_VISUAL_IDENTIFIER::=⎈}${_p9k__v::=⎈}${_p9k__c::="${P9K_KUBECONTEXT_CLOUD_CLUSTER:-${P9K_KUBECONTEXT_NAME}}${${:-/$P9K_KUBECONTEXT_NAMESPACE}:#/default}"}${_p9k__c::=${_p9k__c//}}${_p9k__e::=${${_p9k__1rkubecontext+00}:-${${(%):-$_p9k__c%1(l.1.0)}[-1]}1}}}+}${${_p9k__e:#00}:+${_p9k_t[$_p9k__n]/<_p9k__w>/$_p9k__w}${_p9k__c}%b%K{238\}%F{134\}${${(M)_p9k__e:#11}:+ }$_p9k__v${${:-${_p9k__w::=%b%K{238\}%F{134\} %b%K{238\}%F{134\}}${_p9k__sss::=%b%K{238\}%F{134\} }${_p9k__i::=22}${_p9k__bg::=238}}+}}${${:-"${${(%):-%#}:#\#}"}:+${${:-${P9K_CONTENT::=%n@%m}${_p9k__n::=}${${${_p9k__bg:-0}:#NONE}:-${_p9k__n::=20}}${_p9k__n:=${${(M)${:-x$_p9k__bg}:#x(238|238)}:+22}}${_p9k__n:=23}${_p9k__c::=}${_p9k__c::=${_p9k__c//}}${_p9k__e::=${${_p9k__1rcontext+00}:-${${(%):-$_p9k__c%1(l.1.0)}[-1]}0}}}+}${${_p9k__e:#00}:+${_p9k_t[$_p9k__n]/<_p9k__w>/$_p9k__w}${_p9k__c}%b%K{238\}%F{180\}${${:-${_p9k__w::=%b%K{238\}%F{180\} %b%K{238\}%F{180\}}${_p9k__sss::=%b%K{238\}%F{180\} }${_p9k__i::=29}${_p9k__bg::=238}}+}}}${${:-"${${(%):-%#}:#\%}"}:+${${:-${P9K_CONTENT::=%B%n@%m}${_p9k__n::=}${${${_p9k__bg:-0}:#NONE}:-${_p9k__n::=24}}${_p9k__n:=${${(M)${:-x$_p9k__bg}:#x(238|238)}:+26}}${_p9k__n:=27}${_p9k__c::="${P9K_CONTENT}"}${_p9k__c::=${_p9k__c//}}${_p9k__e::=${${_p9k__1rcontext+00}:-${${(%):-$_p9k__c%1(l.1.0)}[-1]}0}}}+}${${_p9k__e:#00}:+${_p9k_t[$_p9k__n]/<_p9k__w>/$_p9k__w}${_p9k__c}%b%K{238\}%F{178\}${${:-${_p9k__w::=%b%K{238\}%F{178\} %b%K{238\}%F{178\}}${_p9k__sss::=%b%K{238\}%F{178\} }${_p9k__i::=29}${_p9k__bg::=238}}+}}}${${:-${P9K_CONTENT::=16:08:09}${_p9k__n::=}${${${_p9k__bg:-0}:#NONE}:-${_p9k__n::=28}}${_p9k__n:=${${(M)${:-x$_p9k__bg}:#x(238|238)}:+30}}${_p9k__n:=31}${_p9k__v::=}${_p9k__c::="${P9K_CONTENT}"}${_p9k__c::=${_p9k__c//}}${_p9k__e::=${${_p9k__1rtime+00}:-${${(%):-$_p9k__c%1(l.1.0)}[-1]}1}}}+}${${_p9k__e:#00}:+${_p9k_t[$_p9k__n]/<_p9k__w>/$_p9k__w}${_p9k__c}%b%K{238\}%F{066\}${${(M)_p9k__e:#11}:+ }$_p9k__v${${:-${_p9k__w::=%b%K{238\}%F{066\} %b%K{238\}%F{066\}}${_p9k__sss::=%b%K{238\}%F{066\} }${_p9k__i::=40}${_p9k__bg::=238}}+}}$_p9k__sss%b%k%f}}${_p9k__lprompt::=${_p9k__1l-${${:-${_p9k__bg::=NONE}${_p9k__i::=0}${_p9k__sss::=%f}}+}${${:-${P9K_CONTENT::=}${_p9k__n::=}${${${_p9k__bg:-0}:#NONE}:-${_p9k__n::=32}}${_p9k__n:=${${(M)${:-x238}:#x($_p9k__bg|${_p9k__bg:-0})}:+34}}${_p9k__n:=35}${_p9k__c::="${P9K_CONTENT}"}${_p9k__c::=${_p9k__c//}}${_p9k__e::=${${_p9k__1los_icon+00}:-${${(%):-$_p9k__c%1(l.1.0)}[-1]}0}}}+}${${_p9k__e:#00}:+${${_p9k_t[$_p9k__n]/<_p9k__ss>/$_p9k__ss}/<_p9k__s>/$_p9k__s}${_p9k__c}%b%K{238\}%F{255\} ${${:-${_p9k__s::=%F{238\}}${_p9k__ss::=%246F}${_p9k__sss::=%F{238\}}${_p9k__i::=1}${_p9k__bg::=238}}+}}${${:-${P9K_CONTENT::="%{d%}${:-"%B%F{039}"}${(Q)${:-"\\~"}}${:-"%b%K{238}%F{031}"}/${${${_p9k__d:#-*}:+makinarocks}:-${:-"%F{103}"}m${:-"%b%K{238}%F{031}"}${$((_p9k__d+=10))+}}/${:-"%B%F{039}"}makina-runway${:-"%b%K{238}%F{031}"}/${:-"%B%F{039}"}backend${:-"%b%K{238}%F{031}"}%{d%}"}${_p9k__n::=}${${${_p9k__bg:-0}:#NONE}:-${_p9k__n::=100}}${_p9k__n:=${${(M)${:-x238}:#x($_p9k__bg|${_p9k__bg:-0})}:+102}}${_p9k__n:=103}${_p9k__v::=}${_p9k__c::="${P9K_CONTENT}"}${_p9k__c::=${_p9k__c//}}${_p9k__e::=${${_p9k__1ldir+00}:-${${(%):-$_p9k__c%1(l.1.0)}[-1]}1}}}+}${${_p9k__e:#00}:+${${_p9k_t[$_p9k__n]/<_p9k__ss>/$_p9k__ss}/<_p9k__s>/$_p9k__s}${_p9k__v}${${(M)_p9k__e:#11}:+ }${_p9k__c}%b%K{238\}%F{031\} ${${:-${_p9k__s::=%F{238\}}${_p9k__ss::=%246F}${_p9k__sss::=%F{238\}}${_p9k__i::=2}${_p9k__bg::=238}}+}}${(e)_p9k__vcs}%b%k$_p9k__sss%b%k%f}}}+}${(e)_p9k_t[6]}${${_p9k__h::=0}+}${${_p9k__d::=$((_p9k__m-_p9k__h))}+}${_p9k__lprompt/\%\{d\%\}*\%\{d\%\}/${_p9k__1ldir-${:-"%B%F{039}"}${(Q)${:-"\\~"}}${:-"%b%K{238}%F{031}"}/${${${_p9k__d:#-*}:+makinarocks}:-${:-"%F{103}"}m${:-"%b%K{238}%F{031}"}${$((_p9k__d+=10))+}}/${:-"%B%F{039}"}makina-runway${:-"%b%K{238}%F{031}"}/${:-"%B%F{039}"}backend${:-"%b%K{238}%F{031}"}}}${${_p9k__m::=$((_p9k__d+_p9k__h))}+}${${_p9k__g+
 
}:-${${${_p9k__m:#-*}:+${${_p9k__1g+${(pl.$((_p9k__m+1)).. .)}}:-${(pl.$((_p9k__m+1)).. .)}}$_p9k__rprompt${_p9k_t[$((1+!_p9k__ind))]}}:-
}}}${_p9k__2-${_p9k__2l-${${:-${_p9k__bg::=NONE}${_p9k__i::=0}${_p9k__sss::=%f}}+}${${:-"${${:-$_p9k__keymap.$_p9k__zle_state}:#(vicmd.*|vivis.*|vivli.*|*.*overwrite*)}"}:+${${:-${P9K_CONTENT::=❯}${_p9k__n::=}${${${_p9k__bg:-0}:#NONE}:-${_p9k__n::=80}}${_p9k__n:=${${(M)${:-x}:#x($_p9k__bg|${_p9k__bg:-0})}:+82}}${_p9k__n:=83}${_p9k__c::="❯"}${_p9k__c::=${_p9k__c//}}${_p9k__e::=${${_p9k__2lprompt_char+00}:-${${(%):-$_p9k__c%1(l.1.0)}[-1]}0}}}+}${${_p9k__e:#00}:+${${_p9k_t[$_p9k__n]/<_p9k__ss>/$_p9k__ss}/<_p9k__s>/$_p9k__s}${_p9k__c}%b%k%F{196\}${${:-${_p9k__s::=%F{\}}${_p9k__ss::=%246F}${_p9k__sss::=%F{\}}${_p9k__i::=4}${_p9k__bg::=}}+}}}${${:-"${${:-$_p9k__keymap.$_p9k__zle_state}:#(vicmd.*|vivis.*|vivli.*|*.*insert*)}"}:+${${:-${P9K_CONTENT::=▶}${_p9k__n::=}${${${_p9k__bg:-0}:#NONE}:-${_p9k__n::=84}}${_p9k__n:=${${(M)${:-x}:#x($_p9k__bg|${_p9k__bg:-0})}:+86}}${_p9k__n:=87}${_p9k__c::="▶"}${_p9k__c::=${_p9k__c//}}${_p9k__e::=${${_p9k__2lprompt_char+00}:-${${(%):-$_p9k__c%1(l.1.0)}[-1]}0}}}+}${${_p9k__e:#00}:+${${_p9k_t[$_p9k__n]/<_p9k__ss>/$_p9k__ss}/<_p9k__s>/$_p9k__s}${_p9k__c}%b%k%F{196\}${${:-${_p9k__s::=%F{\}}${_p9k__ss::=%246F}${_p9k__sss::=%F{\}}${_p9k__i::=4}${_p9k__bg::=}}+}}}${${:-"${(M)${:-$_p9k__keymap$_p9k__region_active}:#vicmd0}"}:+${${:-${P9K_CONTENT::=❮}${_p9k__n::=}${${${_p9k__bg:-0}:#NONE}:-${_p9k__n::=88}}${_p9k__n:=${${(M)${:-x}:#x($_p9k__bg|${_p9k__bg:-0})}:+90}}${_p9k__n:=91}${_p9k__c::="❮"}${_p9k__c::=${_p9k__c//}}${_p9k__e::=${${_p9k__2lprompt_char+00}:-${${(%):-$_p9k__c%1(l.1.0)}[-1]}0}}}+}${${_p9k__e:#00}:+${${_p9k_t[$_p9k__n]/<_p9k__ss>/$_p9k__ss}/<_p9k__s>/$_p9k__s}${_p9k__c}%b%k%F{196\}${${:-${_p9k__s::=%F{\}}${_p9k__ss::=%246F}${_p9k__sss::=%F{\}}${_p9k__i::=4}${_p9k__bg::=}}+}}}${${:-"${(M)${:-$_p9k__keymap$_p9k__region_active}:#(vicmd1|vivis?|vivli?)}"}:+${${:-${P9K_CONTENT::=Ⅴ}${_p9k__n::=}${${${_p9k__bg:-0}:#NONE}:-${_p9k__n::=92}}${_p9k__n:=${${(M)${:-x}:#x($_p9k__bg|${_p9k__bg:-0})}:+94}}${_p9k__n:=95}${_p9k__c::="V"}${_p9k__c::=${_p9k__c//}}${_p9k__e::=${${_p9k__2lprompt_char+00}:-${${(%):-$_p9k__c%1(l.1.0)}[-1]}0}}}+}${${_p9k__e:#00}:+${${_p9k_t[$_p9k__n]/<_p9k__ss>/$_p9k__ss}/<_p9k__s>/$_p9k__s}${_p9k__c}%b%k%F{196\}${${:-${_p9k__s::=%F{\}}${_p9k__ss::=%246F}${_p9k__sss::=%F{\}}${_p9k__i::=4}${_p9k__bg::=}}+}}}%b%k$_p9k__sss%b%k%f${:-" %b%k%f"}}}${${COLUMNS::=$_p9k__clm}+}
endef
# environment
PWD = /Users/jyc/zamonia500/sandbox/go-sandbox/cronjob
# environment
ORIGINAL_XDG_CURRENT_DESKTOP = undefined
# environment
GOMODCACHE = /Users/jyc/go/pkg/mod
# environment
PYENV_SHELL = zsh
# environment
HOME = /Users/jyc
# default
MAKEFILEPATH = $(shell /usr/bin/xcode-select -print-path 2>/dev/null || echo /Developer)/Makefiles
# environment
VSCODE_CLI = 1
# environment
VSCODE_CODE_CACHE_PATH = /Users/jyc/Library/Application Support/Code/CachedData/da76f93349a72022ca4670c1b84860304616aaa2
# environment
LOGNAME = jyc
# environment
APPLICATION_INSIGHTS_NO_DIAGNOSTIC_CHANNEL = true
# environment
NVM_CD_FLAGS = -q
# environment
ZSH = /Users/jyc/.oh-my-zsh
# environment
VSCODE_HANDLES_UNCAUGHT_ERRORS = true
# automatic
^D = $(patsubst %/,%,$(dir $^))
# environment
XPC_FLAGS = 0x0
# environment
COLORTERM = truecolor
# default
MAKE = $(MAKE_COMMAND)
# environment
LC_TERMINAL = iTerm2
# environment
SHLVL = 3
# environment
PYENV_ACTIVATE_SHELL = 1
# default
MAKE_VERSION := 3.81
# environment
USER = jyc
# makefile
.DEFAULT_GOAL := all
# default
MAKECMDGOALS := all
# environment
TERM_SESSION_ID = w0t0p0:AAAB6E18-68E9-40CA-8848-01B1899382D8
# environment
LESS = -R
# automatic
%D = $(patsubst %/,%,$(dir $%))
# default
MAKE_COMMAND := /Library/Developer/CommandLineTools/usr/bin/make
# makefile (from `Makefile', line 110)
KUSTOMIZE = $(LOCALBIN)/kustomize
# environment
TERM_PROGRAM = iTerm.app
# default
.VARIABLES := 
# environment
TMPDIR = /var/folders/v9/_yypmfnx6sz097gtkfkdj1w80000gn/T/
# automatic
*F = $(notdir $*)
# makefile (from `Makefile', line 3)
IMG = controller:latest
# environment
VSCODE_IPC_HOOK = /Users/jyc/Library/Application Support/Code/1.70.0-main.sock
# environment
MallocNanoZone = 0
# makefile (from `Makefile', line 115)
KUSTOMIZE_VERSION = v3.8.7
# makefile
MAKEFLAGS = Rrqp
# environment
MFLAGS = -Rrqp
# automatic
*D = $(patsubst %/,%,$(dir $*))
# environment
TERM_PROGRAM_VERSION = 3.4.16
# environment
NVM_DIR = /Users/jyc/.nvm
# makefile (from `Makefile', line 17)
.SHELLFLAGS = -ec
# environment
XPC_SERVICE_NAME = application.com.microsoft.VSCode.28750073.28750079.D8D9ED12-1B79-463A-A021-7FC112D0784A
# environment
LC_TERMINAL_VERSION = 3.4.16
# automatic
+D = $(patsubst %/,%,$(dir $+))
# automatic
+F = $(notdir $+)
# makefile (from `Makefile', line 112)
ENVTEST = $(LOCALBIN)/setup-envtest
# environment
ITERM_SESSION_ID = w0t0p0:AAAB6E18-68E9-40CA-8848-01B1899382D8
# environment
PYENV_VERSION = test1
# environment
COLORFGBG = 7;0
# environment
__CF_USER_TEXT_ENCODING = 0x1F5:0x3:0x33
# environment
COMMAND_MODE = unix2003
# default
MAKEFILES := 
# automatic
<F = $(notdir $<)
# environment
ITERM_PROFILE = Default
# environment
EDITOR = /usr/local/bin/nvim
# environment
PAGER = less
# environment
LC_ALL = C
# environment
PYENV_VIRTUAL_ENV = /Users/jyc/.pyenv/versions/3.9.7/envs/test1
# environment
SECURITYSESSIONID = 186a5
# environment
P9K_TTY = old
# automatic
^F = $(notdir $^)
# default
SUFFIXES := 
# environment
PYENV_VIRTUALENV_INIT = 1
# default
.INCLUDE_DIRS = /usr/local/include
# environment
MAKELEVEL := 0
# makefile (from `Makefile', line 82)
ignore-not-found = false
# environment
LANG = C
# environment
TERM = xterm-256color
# environment
_P9K_TTY = /dev/ttys004
# makefile (from `Makefile', line 5)
ENVTEST_K8S_VERSION = 1.24.2
# environment
VSCODE_PID = 26118
# variable set hash-table stats:
# Load=108/1024=11%, Rehash=0, Collisions=13/186=7%

# Pattern-specific Variable Values

# No pattern-specific variable values.

# Directories

# . (device 16777221, inode 28807223): 17 files, no impossibilities.

# 17 files, no impossibilities in 1 directories.

# Implicit Rules

# No implicit rules.

# Files

envtest: /Users/jyc/zamonia500/sandbox/go-sandbox/cronjob/bin/setup-envtest
#  Phony target (prerequisite of .PHONY).
#  Implicit rule search has not been done.
#  File does not exist.
#  File has not been updated.

all: build
#  Phony target (prerequisite of .PHONY).
#  Command-line target.
#  Implicit rule search has not been done.
#  File does not exist.
#  File has been updated.
#  Needs to be updated (-q is set).
# variable set hash-table stats:
# Load=0/32=0%, Rehash=0, Collisions=0/6=0%

docker-build: test
#  Phony target (prerequisite of .PHONY).
#  Implicit rule search has not been done.
#  File does not exist.
#  File has not been updated.
#  commands to execute (from `Makefile', line 73):
 
	docker build -t ${IMG} .
	

.PHONY: all help manifests generate fmt vet test build run docker-build docker-push install uninstall deploy undeploy kustomize controller-gen envtest
#  Implicit rule search has not been done.
#  Modification time never checked.
#  File has not been updated.

/Users/jyc/zamonia500/sandbox/go-sandbox/cronjob/bin/kustomize: /Users/jyc/zamonia500/sandbox/go-sandbox/cronjob/bin
#  Implicit rule search has not been done.
#  Modification time never checked.
#  File has not been updated.
#  commands to execute (from `Makefile', line 122):
	test -s $(LOCALBIN)/kustomize || { curl -s $(KUSTOMIZE_INSTALL_SCRIPT) | bash -s -- $(subst v,,$(KUSTOMIZE_VERSION)) $(LOCALBIN); }
	

# Not a target:
.SUFFIXES:
#  Implicit rule search has not been done.
#  Modification time never checked.
#  File has not been updated.

uninstall: manifests kustomize
#  Phony target (prerequisite of .PHONY).
#  Implicit rule search has not been done.
#  File does not exist.
#  File has not been updated.
#  commands to execute (from `Makefile', line 91):
	$(KUSTOMIZE) build config/crd | kubectl delete --ignore-not-found=$(ignore-not-found) -f -
	

# Not a target:
Makefile:
#  Implicit rule search has been done.
#  Last modified 2022-08-07 17:31:20
#  File has been updated.
#  Successfully updated.
# variable set hash-table stats:
# Load=0/32=0%, Rehash=0, Collisions=0/0=0%

test: manifests generate fmt vet envtest
#  Phony target (prerequisite of .PHONY).
#  Implicit rule search has not been done.
#  File does not exist.
#  File has not been updated.
#  commands to execute (from `Makefile', line 59):
	KUBEBUILDER_ASSETS="$(shell $(ENVTEST) use $(ENVTEST_K8S_VERSION) -p path)" go test ./... -coverprofile cover.out
	

build: generate fmt vet
#  Phony target (prerequisite of .PHONY).
#  Implicit rule search has not been done.
#  File does not exist.
#  File has been updated.
#  Needs to be updated (-q is set).
# variable set hash-table stats:
# Load=0/32=0%, Rehash=0, Collisions=0/6=0%
#  commands to execute (from `Makefile', line 65):
	go build -o bin/manager main.go
	

vet:
#  Phony target (prerequisite of .PHONY).
#  Implicit rule search has not been done.
#  File does not exist.
#  File has not been updated.
#  commands to execute (from `Makefile', line 55):
	go vet ./...
	

/Users/jyc/zamonia500/sandbox/go-sandbox/cronjob/bin/setup-envtest: /Users/jyc/zamonia500/sandbox/go-sandbox/cronjob/bin
#  Implicit rule search has not been done.
#  Modification time never checked.
#  File has not been updated.
#  commands to execute (from `Makefile', line 132):
	test -s $(LOCALBIN)/setup-envtest || GOBIN=$(LOCALBIN) go install sigs.k8s.io/controller-runtime/tools/setup-envtest@latest
	

help:
#  Phony target (prerequisite of .PHONY).
#  Implicit rule search has not been done.
#  File does not exist.
#  File has not been updated.
#  commands to execute (from `Makefile', line 37):
	@awk 'BEGIN {FS = ":.*##"; printf "\nUsage:\n  make \033[36m<target>\033[0m\n"} /^[a-zA-Z_0-9-]+:.*?##/ { printf "  \033[36m%-15s\033[0m %s\n", $$1, $$2 } /^##@/ { printf "\n\033[1m%s\033[0m\n", substr($$0, 5) } ' $(MAKEFILE_LIST)
	

kustomize: /Users/jyc/zamonia500/sandbox/go-sandbox/cronjob/bin/kustomize
#  Phony target (prerequisite of .PHONY).
#  Implicit rule search has not been done.
#  File does not exist.
#  File has not been updated.

generate: controller-gen
#  Phony target (prerequisite of .PHONY).
#  Implicit rule search has not been done.
#  Implicit/static pattern stem: `'
#  File does not exist.
#  File has been updated.
#  Needs to be updated (-q is set).
# automatic
# @ := generate
# automatic
# % := 
# automatic
# * := 
# automatic
# + := controller-gen
# automatic
# | := 
# automatic
# < := controller-gen
# automatic
# ^ := controller-gen
# automatic
# ? := controller-gen
# variable set hash-table stats:
# Load=8/32=25%, Rehash=0, Collisions=2/14=14%
#  commands to execute (from `Makefile', line 47):
	$(CONTROLLER_GEN) object:headerFile="hack/boilerplate.go.txt" paths="./..."
	

undeploy:
#  Phony target (prerequisite of .PHONY).
#  Implicit rule search has not been done.
#  File does not exist.
#  File has not been updated.
#  commands to execute (from `Makefile', line 100):
	$(KUSTOMIZE) build config/default | kubectl delete --ignore-not-found=$(ignore-not-found) -f -
	

manifests: controller-gen
#  Phony target (prerequisite of .PHONY).
#  Implicit rule search has not been done.
#  File does not exist.
#  File has not been updated.
#  commands to execute (from `Makefile', line 43):
	$(CONTROLLER_GEN) rbac:roleName=manager-role crd webhook paths="./..." output:crd:artifacts:config=config/crd/bases
	

# Not a target:
.DEFAULT:
#  Implicit rule search has not been done.
#  Modification time never checked.
#  File has not been updated.

run: manifests generate fmt vet
#  Phony target (prerequisite of .PHONY).
#  Implicit rule search has not been done.
#  File does not exist.
#  File has not been updated.
#  commands to execute (from `Makefile', line 69):
	go run ./main.go
	

/Users/jyc/zamonia500/sandbox/go-sandbox/cronjob/bin:
#  Implicit rule search has not been done.
#  Last modified 2022-08-14 14:32:56
 
#  File has been updated.
#  Successfully updated.
#  commands to execute (from `Makefile', line 107):
	mkdir -p $(LOCALBIN)
	

fmt:
#  Phony target (prerequisite of .PHONY).
#  Implicit rule search has not been done.
#  File does not exist.
#  File has not been updated.
#  commands to execute (from `Makefile', line 51):
	go fmt ./...
	

deploy: manifests kustomize
#  Phony target (prerequisite of .PHONY).
#  Implicit rule search has not been done.
#  File does not exist.
#  File has not been updated.
#  commands to execute (from `Makefile', line 95):
	cd config/manager && $(KUSTOMIZE) edit set image controller=${IMG}
	$(KUSTOMIZE) build config/default | kubectl apply -f -
	

controller-gen: /Users/jyc/zamonia500/sandbox/go-sandbox/cronjob/bin/controller-gen
#  Phony target (prerequisite of .PHONY).
#  Implicit rule search has not been done.
#  File does not exist.
#  File has been updated.
#  Successfully updated.

docker-push:
#  Phony target (prerequisite of .PHONY).
#  Implicit rule search has not been done.
#  File does not exist.
#  File has not been updated.
#  commands to execute (from `Makefile', line 77):
	docker push ${IMG}
	

/Users/jyc/zamonia500/sandbox/go-sandbox/cronjob/bin/controller-gen: /Users/jyc/zamonia500/sandbox/go-sandbox/cronjob/bin
#  Implicit rule search has not been done.
#  Last modified 2022-08-14 14:32:56
#  File has been updated.
#  Successfully updated.
#  commands to execute (from `Makefile', line 127):
	test -s $(LOCALBIN)/controller-gen || GOBIN=$(LOCALBIN) go install sigs.k8s.io/controller-tools/cmd/controller-gen@$(CONTROLLER_TOOLS_VERSION)
	

install: manifests kustomize
#  Phony target (prerequisite of .PHONY).
#  Implicit rule search has not been done.
#  File does not exist.
#  File has not been updated.
#  commands to execute (from `Makefile', line 87):
	$(KUSTOMIZE) build config/crd | kubectl apply -f -
	

# files hash-table stats:
# Load=26/1024=3%, Rehash=0, Collisions=4/103=4%
# VPATH Search Paths

# No `vpath' search paths.

# No general (`VPATH' variable) search path.

# # of strings in strcache: 1
# # of strcache buffers: 1
# strcache size: total = 4096 / max = 4096 / min = 4096 / avg = 4096
# strcache free: total = 4087 / max = 4087 / min = 4087 / avg = 4087

# Finished Make data base on Sun Aug 14 16:44:58 2022

 
